{"name": "test_4", "status": "failed", "statusDetails": {"message": "AssertionError: assert 'selenium' in 'Selenium is used for web automation'", "trace": "def test_4():\n        name = \"selenium\"\n        title = \"Selenium is used for web automation\"\n>       assert name in title\nE       AssertionError: assert 'selenium' in 'Selenium is used for web automation'\n\ntest_demo_3.py:24: AssertionError"}, "start": 1650035023343, "stop": 1650035023344, "uuid": "0b6909aa-33f5-4840-a742-43c98a05ad2d", "historyId": "4269ea7bae849094898b68afc1b9a09b", "testCaseId": "827bcb4f10c2cc85c2885602503049b1", "fullName": "test_demo_3#test_4", "labels": [{"name": "suite", "value": "test_demo_3"}, {"name": "host", "value": "MSDT120"}, {"name": "thread", "value": "19292-MainThread"}, {"name": "framework", "value": "pytest"}, {"name": "language", "value": "cpython3"}, {"name": "package", "value": "test_demo_3"}]}